# JRE version: OpenJDK Runtime Environment (8.0_282-b08) (build 1.8.0_282-b08)
# Java VM: OpenJDK 64-Bit Server VM (25.282-b08 mixed mode windows-amd64 compressed oops)
Heap:
 PSYoungGen      total 145920K, used 125731K [0x00000000f5580000, 0x00000000ffd80000, 0x0000000100000000)
  eden space 118272K, 97% used [0x00000000f5580000,0x00000000fc60fa10,0x00000000fc900000)
  from space 27648K, 37% used [0x00000000fc900000,0x00000000fd339470,0x00000000fe400000)
  to   space 26112K, 0% used [0x00000000fe400000,0x00000000fe400000,0x00000000ffd80000)
 ParOldGen       total 247296K, used 220849K [0x00000000e0000000, 0x00000000ef180000, 0x00000000f5580000)
  object space 247296K, 89% used [0x00000000e0000000,0x00000000ed7ac5f8,0x00000000ef180000)
 Metaspace       used 107947K, capacity 115127K, committed 115200K, reserved 1148928K
  class space    used 13903K, capacity 15295K, committed 15360K, reserved 1048576K
GC Heap History (10 events):
Event: 1827.425 GC heap before
{Heap before GC invocations=47 (full 4):
 PSYoungGen      total 138752K, used 111772K [0x00000000f5580000, 0x00000000ffc80000, 0x0000000100000000)
  eden space 108544K, 100% used [0x00000000f5580000,0x00000000fbf80000,0x00000000fbf80000)
  from space 30208K, 10% used [0x00000000fdf00000,0x00000000fe2272a0,0x00000000ffc80000)
  to   space 31232K, 0% used [0x00000000fbf80000,0x00000000fbf80000,0x00000000fde00000)
 ParOldGen       total 247296K, used 174131K [0x00000000e0000000, 0x00000000ef180000, 0x00000000f5580000)
  object space 247296K, 70% used [0x00000000e0000000,0x00000000eaa0cff0,0x00000000ef180000)
 Metaspace       used 107759K, capacity 114925K, committed 115200K, reserved 1148928K
  class space    used 13890K, capacity 15258K, committed 15360K, reserved 1048576K
Event: 1827.536 GC heap after
Heap after GC invocations=47 (full 4):
 PSYoungGen      total 139776K, used 12968K [0x00000000f5580000, 0x00000000fff00000, 0x0000000100000000)
  eden space 108544K, 0% used [0x00000000f5580000,0x00000000f5580000,0x00000000fbf80000)
  from space 31232K, 41% used [0x00000000fbf80000,0x00000000fcc2a308,0x00000000fde00000)
  to   space 30208K, 0% used [0x00000000fe180000,0x00000000fe180000,0x00000000fff00000)
 ParOldGen       total 247296K, used 176000K [0x00000000e0000000, 0x00000000ef180000, 0x00000000f5580000)
  object space 247296K, 71% used [0x00000000e0000000,0x00000000eabe02d0,0x00000000ef180000)
 Metaspace       used 107759K, capacity 114925K, committed 115200K, reserved 1148928K
  class space    used 13890K, capacity 15258K, committed 15360K, reserved 1048576K
}
Event: 1829.623 GC heap before
{Heap before GC invocations=48 (full 4):
 PSYoungGen      total 139776K, used 121512K [0x00000000f5580000, 0x00000000fff00000, 0x0000000100000000)
  eden space 108544K, 100% used [0x00000000f5580000,0x00000000fbf80000,0x00000000fbf80000)
  from space 31232K, 41% used [0x00000000fbf80000,0x00000000fcc2a308,0x00000000fde00000)
  to   space 30208K, 0% used [0x00000000fe180000,0x00000000fe180000,0x00000000fff00000)
 ParOldGen       total 247296K, used 176002K [0x00000000e0000000, 0x00000000ef180000, 0x00000000f5580000)
  object space 247296K, 71% used [0x00000000e0000000,0x00000000eabe0b28,0x00000000ef180000)
 Metaspace       used 107826K, capacity 115035K, committed 115200K, reserved 1148928K
  class space    used 13897K, capacity 15293K, committed 15360K, reserved 1048576K
Event: 1829.752 GC heap after
Heap after GC invocations=48 (full 4):
 PSYoungGen      total 140288K, used 11989K [0x00000000f5580000, 0x00000000ffc00000, 0x0000000100000000)
  eden space 113152K, 0% used [0x00000000f5580000,0x00000000f5580000,0x00000000fc400000)
  from space 27136K, 44% used [0x00000000fe180000,0x00000000fed35480,0x00000000ffc00000)
  to   space 28672K, 0% used [0x00000000fc400000,0x00000000fc400000,0x00000000fe000000)
 ParOldGen       total 247296K, used 187665K [0x00000000e0000000, 0x00000000ef180000, 0x00000000f5580000)
  object space 247296K, 75% used [0x00000000e0000000,0x00000000eb744718,0x00000000ef180000)
 Metaspace       used 107826K, capacity 115035K, committed 115200K, reserved 1148928K
  class space    used 13897K, capacity 15293K, committed 15360K, reserved 1048576K
}
Event: 1831.309 GC heap before
{Heap before GC invocations=49 (full 4):
 PSYoungGen      total 140288K, used 125141K [0x00000000f5580000, 0x00000000ffc00000, 0x0000000100000000)
  eden space 113152K, 100% used [0x00000000f5580000,0x00000000fc400000,0x00000000fc400000)
  from space 27136K, 44% used [0x00000000fe180000,0x00000000fed35480,0x00000000ffc00000)
  to   space 28672K, 0% used [0x00000000fc400000,0x00000000fc400000,0x00000000fe000000)
 ParOldGen       total 247296K, used 187665K [0x00000000e0000000, 0x00000000ef180000, 0x00000000f5580000)
  object space 247296K, 75% used [0x00000000e0000000,0x00000000eb744718,0x00000000ef180000)
 Metaspace       used 107882K, capacity 115055K, committed 115200K, reserved 1148928K
  class space    used 13898K, capacity 15295K, committed 15360K, reserved 1048576K
Event: 1831.384 GC heap after
Heap after GC invocations=49 (full 4):
 PSYoungGen      total 141824K, used 10197K [0x00000000f5580000, 0x00000000ffe80000, 0x0000000100000000)
  eden space 113152K, 0% used [0x00000000f5580000,0x00000000f5580000,0x00000000fc400000)
  from space 28672K, 35% used [0x00000000fc400000,0x00000000fcdf5638,0x00000000fe000000)
  to   space 27136K, 0% used [0x00000000fe400000,0x00000000fe400000,0x00000000ffe80000)
 ParOldGen       total 247296K, used 196857K [0x00000000e0000000, 0x00000000ef180000, 0x00000000f5580000)
  object space 247296K, 79% used [0x00000000e0000000,0x00000000ec03e6a0,0x00000000ef180000)
 Metaspace       used 107882K, capacity 115055K, committed 115200K, reserved 1148928K
  class space    used 13898K, capacity 15295K, committed 15360K, reserved 1048576K
}
Event: 1832.410 GC heap before
{Heap before GC invocations=50 (full 4):
 PSYoungGen      total 141824K, used 123349K [0x00000000f5580000, 0x00000000ffe80000, 0x0000000100000000)
  eden space 113152K, 100% used [0x00000000f5580000,0x00000000fc400000,0x00000000fc400000)
  from space 28672K, 35% used [0x00000000fc400000,0x00000000fcdf5638,0x00000000fe000000)
  to   space 27136K, 0% used [0x00000000fe400000,0x00000000fe400000,0x00000000ffe80000)
 ParOldGen       total 247296K, used 196857K [0x00000000e0000000, 0x00000000ef180000, 0x00000000f5580000)
  object space 247296K, 79% used [0x00000000e0000000,0x00000000ec03e6a0,0x00000000ef180000)
 Metaspace       used 107926K, capacity 115127K, committed 115200K, reserved 1148928K
  class space    used 13903K, capacity 15295K, committed 15360K, reserved 1048576K
Event: 1832.634 GC heap after
Heap after GC invocations=50 (full 4):
 PSYoungGen      total 145408K, used 15861K [0x00000000f5580000, 0x00000000fff80000, 0x0000000100000000)
  eden space 118272K, 0% used [0x00000000f5580000,0x00000000f5580000,0x00000000fc900000)
  from space 27136K, 58% used [0x00000000fe400000,0x00000000ff37d780,0x00000000ffe80000)
  to   space 27648K, 0% used [0x00000000fc900000,0x00000000fc900000,0x00000000fe400000)
 ParOldGen       total 247296K, used 206346K [0x00000000e0000000, 0x00000000ef180000, 0x00000000f5580000)
  object space 247296K, 83% used [0x00000000e0000000,0x00000000ec982bd8,0x00000000ef180000)
 Metaspace       used 107926K, capacity 115127K, committed 115200K, reserved 1148928K
  class space    used 13903K, capacity 15295K, committed 15360K, reserved 1048576K
}
Event: 1836.031 GC heap before
{Heap before GC invocations=51 (full 4):
 PSYoungGen      total 145408K, used 134133K [0x00000000f5580000, 0x00000000fff80000, 0x0000000100000000)
  eden space 118272K, 100% used [0x00000000f5580000,0x00000000fc900000,0x00000000fc900000)
  from space 27136K, 58% used [0x00000000fe400000,0x00000000ff37d780,0x00000000ffe80000)
  to   space 27648K, 0% used [0x00000000fc900000,0x00000000fc900000,0x00000000fe400000)
 ParOldGen       total 247296K, used 206346K [0x00000000e0000000, 0x00000000ef180000, 0x00000000f5580000)
  object space 247296K, 83% used [0x00000000e0000000,0x00000000ec982bd8,0x00000000ef180000)
 Metaspace       used 107934K, capacity 115127K, committed 115200K, reserved 1148928K
  class space    used 13903K, capacity 15295K, committed 15360K, reserved 1048576K
Event: 1836.680 GC heap after
Heap after GC invocations=51 (full 4):
 PSYoungGen      total 145920K, used 10469K [0x00000000f5580000, 0x00000000ffd80000, 0x0000000100000000)
  eden space 118272K, 0% used [0x00000000f5580000,0x00000000f5580000,0x00000000fc900000)
  from space 27648K, 37% used [0x00000000fc900000,0x00000000fd339470,0x00000000fe400000)
  to   space 26112K, 0% used [0x00000000fe400000,0x00000000fe400000,0x00000000ffd80000)
 ParOldGen       total 247296K, used 220849K [0x00000000e0000000, 0x00000000ef180000, 0x00000000f5580000)
  object space 247296K, 89% used [0x00000000e0000000,0x00000000ed7ac5f8,0x00000000ef180000)
 Metaspace       used 107934K, capacity 115127K, committed 115200K, reserved 1148928K
  class space    used 13903K, capacity 15295K, committed 15360K, reserved 1048576K
}

