# JRE version: OpenJDK Runtime Environment (8.0_282-b08) (build 1.8.0_282-b08)
# Java VM: OpenJDK 64-Bit Server VM (25.282-b08 mixed mode windows-amd64 compressed oops)
Heap:
 PSYoungGen      total 145920K, used 49663K [0x00000000f5580000, 0x0000000100000000, 0x0000000100000000)
  eden space 132608K, 37% used [0x00000000f5580000,0x00000000f85fff48,0x00000000fd700000)
  from space 13312K, 0% used [0x00000000ff300000,0x00000000ff300000,0x0000000100000000)
  to   space 20992K, 0% used [0x00000000fd700000,0x00000000fd700000,0x00000000feb80000)
 ParOldGen       total 210432K, used 34158K [0x00000000e0000000, 0x00000000ecd80000, 0x00000000f5580000)
  object space 210432K, 16% used [0x00000000e0000000,0x00000000e215bb98,0x00000000ecd80000)
 Metaspace       used 59027K, capacity 61788K, committed 61952K, reserved 1101824K
  class space    used 8246K, capacity 8919K, committed 8960K, reserved 1048576K
GC Heap History (10 events):
Event: 10.797 GC heap before
{Heap before GC invocations=9 (full 2):
 PSYoungGen      total 117760K, used 10300K [0x00000000f5580000, 0x0000000100000000, 0x0000000100000000)
  eden space 105472K, 0% used [0x00000000f5580000,0x00000000f5580000,0x00000000fbc80000)
  from space 12288K, 83% used [0x00000000fbc80000,0x00000000fc68f308,0x00000000fc880000)
  to   space 12800K, 0% used [0x00000000ff380000,0x00000000ff380000,0x0000000100000000)
 ParOldGen       total 175104K, used 7256K [0x00000000e0000000, 0x00000000eab00000, 0x00000000f5580000)
  object space 175104K, 4% used [0x00000000e0000000,0x00000000e0716170,0x00000000eab00000)
 Metaspace       used 34220K, capacity 35274K, committed 35456K, reserved 1079296K
  class space    used 4815K, capacity 5124K, committed 5248K, reserved 1048576K
Event: 10.855 GC heap after
Heap after GC invocations=9 (full 2):
 PSYoungGen      total 117760K, used 0K [0x00000000f5580000, 0x0000000100000000, 0x0000000100000000)
  eden space 105472K, 0% used [0x00000000f5580000,0x00000000f5580000,0x00000000fbc80000)
  from space 12288K, 0% used [0x00000000fbc80000,0x00000000fbc80000,0x00000000fc880000)
  to   space 12800K, 0% used [0x00000000ff380000,0x00000000ff380000,0x0000000100000000)
 ParOldGen       total 175104K, used 16715K [0x00000000e0000000, 0x00000000eab00000, 0x00000000f5580000)
  object space 175104K, 9% used [0x00000000e0000000,0x00000000e1052fe8,0x00000000eab00000)
 Metaspace       used 34220K, capacity 35274K, committed 35456K, reserved 1079296K
  class space    used 4815K, capacity 5124K, committed 5248K, reserved 1048576K
}
Event: 12.879 GC heap before
{Heap before GC invocations=10 (full 2):
 PSYoungGen      total 117760K, used 105472K [0x00000000f5580000, 0x0000000100000000, 0x0000000100000000)
  eden space 105472K, 100% used [0x00000000f5580000,0x00000000fbc80000,0x00000000fbc80000)
  from space 12288K, 0% used [0x00000000fbc80000,0x00000000fbc80000,0x00000000fc880000)
  to   space 12800K, 0% used [0x00000000ff380000,0x00000000ff380000,0x0000000100000000)
 ParOldGen       total 175104K, used 16715K [0x00000000e0000000, 0x00000000eab00000, 0x00000000f5580000)
  object space 175104K, 9% used [0x00000000e0000000,0x00000000e1052fe8,0x00000000eab00000)
 Metaspace       used 43448K, capacity 45108K, committed 45440K, reserved 1087488K
  class space    used 6015K, capacity 6442K, committed 6528K, reserved 1048576K
Event: 12.891 GC heap after
Heap after GC invocations=10 (full 2):
 PSYoungGen      total 160768K, used 11957K [0x00000000f5580000, 0x0000000100000000, 0x0000000100000000)
  eden space 147968K, 0% used [0x00000000f5580000,0x00000000f5580000,0x00000000fe600000)
  from space 12800K, 93% used [0x00000000ff380000,0x00000000fff2d458,0x0000000100000000)
  to   space 13312K, 0% used [0x00000000fe600000,0x00000000fe600000,0x00000000ff300000)
 ParOldGen       total 175104K, used 16723K [0x00000000e0000000, 0x00000000eab00000, 0x00000000f5580000)
  object space 175104K, 9% used [0x00000000e0000000,0x00000000e1054fe8,0x00000000eab00000)
 Metaspace       used 43448K, capacity 45108K, committed 45440K, reserved 1087488K
  class space    used 6015K, capacity 6442K, committed 6528K, reserved 1048576K
}
Event: 15.197 GC heap before
{Heap before GC invocations=11 (full 2):
 PSYoungGen      total 160768K, used 159925K [0x00000000f5580000, 0x0000000100000000, 0x0000000100000000)
  eden space 147968K, 100% used [0x00000000f5580000,0x00000000fe600000,0x00000000fe600000)
  from space 12800K, 93% used [0x00000000ff380000,0x00000000fff2d458,0x0000000100000000)
  to   space 13312K, 0% used [0x00000000fe600000,0x00000000fe600000,0x00000000ff300000)
 ParOldGen       total 175104K, used 16723K [0x00000000e0000000, 0x00000000eab00000, 0x00000000f5580000)
  object space 175104K, 9% used [0x00000000e0000000,0x00000000e1054fe8,0x00000000eab00000)
 Metaspace       used 54854K, capacity 57184K, committed 57472K, reserved 1097728K
  class space    used 7648K, capacity 8230K, committed 8320K, reserved 1048576K
Event: 15.221 GC heap after
Heap after GC invocations=11 (full 2):
 PSYoungGen      total 161280K, used 13284K [0x00000000f5580000, 0x0000000100000000, 0x0000000100000000)
  eden space 147968K, 0% used [0x00000000f5580000,0x00000000f5580000,0x00000000fe600000)
  from space 13312K, 99% used [0x00000000fe600000,0x00000000ff2f9310,0x00000000ff300000)
  to   space 13312K, 0% used [0x00000000ff300000,0x00000000ff300000,0x0000000100000000)
 ParOldGen       total 175104K, used 26133K [0x00000000e0000000, 0x00000000eab00000, 0x00000000f5580000)
  object space 175104K, 14% used [0x00000000e0000000,0x00000000e1985708,0x00000000eab00000)
 Metaspace       used 54854K, capacity 57184K, committed 57472K, reserved 1097728K
  class space    used 7648K, capacity 8230K, committed 8320K, reserved 1048576K
}
Event: 21.054 GC heap before
{Heap before GC invocations=12 (full 2):
 PSYoungGen      total 161280K, used 83670K [0x00000000f5580000, 0x0000000100000000, 0x0000000100000000)
  eden space 147968K, 47% used [0x00000000f5580000,0x00000000f9a3c810,0x00000000fe600000)
  from space 13312K, 99% used [0x00000000fe600000,0x00000000ff2f9310,0x00000000ff300000)
  to   space 13312K, 0% used [0x00000000ff300000,0x00000000ff300000,0x0000000100000000)
 ParOldGen       total 175104K, used 26133K [0x00000000e0000000, 0x00000000eab00000, 0x00000000f5580000)
  object space 175104K, 14% used [0x00000000e0000000,0x00000000e1985708,0x00000000eab00000)
 Metaspace       used 56480K, capacity 59024K, committed 59096K, reserved 1099776K
  class space    used 7926K, capacity 8553K, committed 8576K, reserved 1048576K
Event: 21.073 GC heap after
Heap after GC invocations=12 (full 2):
 PSYoungGen      total 145920K, used 13300K [0x00000000f5580000, 0x0000000100000000, 0x0000000100000000)
  eden space 132608K, 0% used [0x00000000f5580000,0x00000000f5580000,0x00000000fd700000)
  from space 13312K, 99% used [0x00000000ff300000,0x00000000ffffd158,0x0000000100000000)
  to   space 20992K, 0% used [0x00000000fd700000,0x00000000fd700000,0x00000000feb80000)
 ParOldGen       total 175104K, used 32311K [0x00000000e0000000, 0x00000000eab00000, 0x00000000f5580000)
  object space 175104K, 18% used [0x00000000e0000000,0x00000000e1f8dce0,0x00000000eab00000)
 Metaspace       used 56480K, capacity 59024K, committed 59096K, reserved 1099776K
  class space    used 7926K, capacity 8553K, committed 8576K, reserved 1048576K
}
Event: 21.073 GC heap before
{Heap before GC invocations=13 (full 3):
 PSYoungGen      total 145920K, used 13300K [0x00000000f5580000, 0x0000000100000000, 0x0000000100000000)
  eden space 132608K, 0% used [0x00000000f5580000,0x00000000f5580000,0x00000000fd700000)
  from space 13312K, 99% used [0x00000000ff300000,0x00000000ffffd158,0x0000000100000000)
  to   space 20992K, 0% used [0x00000000fd700000,0x00000000fd700000,0x00000000feb80000)
 ParOldGen       total 175104K, used 32311K [0x00000000e0000000, 0x00000000eab00000, 0x00000000f5580000)
  object space 175104K, 18% used [0x00000000e0000000,0x00000000e1f8dce0,0x00000000eab00000)
 Metaspace       used 56480K, capacity 59024K, committed 59096K, reserved 1099776K
  class space    used 7926K, capacity 8553K, committed 8576K, reserved 1048576K
Event: 21.311 GC heap after
Heap after GC invocations=13 (full 3):
 PSYoungGen      total 145920K, used 0K [0x00000000f5580000, 0x0000000100000000, 0x0000000100000000)
  eden space 132608K, 0% used [0x00000000f5580000,0x00000000f5580000,0x00000000fd700000)
  from space 13312K, 0% used [0x00000000ff300000,0x00000000ff300000,0x0000000100000000)
  to   space 20992K, 0% used [0x00000000fd700000,0x00000000fd700000,0x00000000feb80000)
 ParOldGen       total 210432K, used 34158K [0x00000000e0000000, 0x00000000ecd80000, 0x00000000f5580000)
  object space 210432K, 16% used [0x00000000e0000000,0x00000000e215bb98,0x00000000ecd80000)
 Metaspace       used 56467K, capacity 58982K, committed 59096K, reserved 1099776K
  class space    used 7923K, capacity 8546K, committed 8576K, reserved 1048576K
}

